This file contains any messages produced by compilers while
running configure, to aid debugging if configure makes a mistake.

It was created by logkeys configure 0.2.0, which was
generated by GNU Autoconf 2.71.  Invocation command line was

  $ ./configure

## --------- ##
## Platform. ##
## --------- ##

hostname = stefdev-HP-EliteDesk-800-G2-SFF
uname -m = x86_64
uname -r = 6.8.0-55-generic
uname -s = Linux
uname -v = #57-Ubuntu SMP PREEMPT_DYNAMIC Wed Feb 12 23:42:21 UTC 2025

/usr/bin/uname -p = x86_64
/bin/uname -X     = unknown

/bin/arch              = x86_64
/usr/bin/arch -k       = unknown
/usr/convex/getsysinfo = unknown
/usr/bin/hostinfo      = unknown
/bin/machine           = unknown
/usr/bin/oslevel       = unknown
/bin/universe          = unknown

PATH: /usr/local/sbin/
PATH: /usr/local/bin/
PATH: /usr/sbin/
PATH: /usr/bin/
PATH: /sbin/
PATH: /bin/
PATH: /usr/games/
PATH: /usr/local/games/
PATH: /snap/bin/


## ----------- ##
## Core tests. ##
## ----------- ##

configure:2299: looking for aux files: missing install-sh
configure:2312:  trying ./
configure:2341:   ./missing found
configure:2323:   ./install-sh found
configure:2471: checking for a BSD-compatible install
configure:2544: result: /usr/bin/install -c
configure:2555: checking whether build environment is sane
configure:2610: result: yes
configure:2769: checking for a race-free mkdir -p
configure:2813: result: /usr/bin/mkdir -p
configure:2820: checking for gawk
configure:2855: result: no
configure:2820: checking for mawk
configure:2841: found /usr/bin/mawk
configure:2852: result: mawk
configure:2863: checking whether make sets $(MAKE)
configure:2886: result: yes
configure:2916: checking whether make supports nested variables
configure:2934: result: yes
configure:3144: checking for g++
configure:3165: found /usr/bin/g++
configure:3176: result: g++
configure:3203: checking for C++ compiler version
configure:3212: g++ --version >&5
g++ (Ubuntu 13.3.0-6ubuntu2~24.04) 13.3.0
Copyright (C) 2023 Free Software Foundation, Inc.
This is free software; see the source for copying conditions.  There is NO
warranty; not even for MERCHANTABILITY or FITNESS FOR A PARTICULAR PURPOSE.

configure:3223: $? = 0
configure:3212: g++ -v >&5
Using built-in specs.
COLLECT_GCC=g++
COLLECT_LTO_WRAPPER=/usr/libexec/gcc/x86_64-linux-gnu/13/lto-wrapper
OFFLOAD_TARGET_NAMES=nvptx-none:amdgcn-amdhsa
OFFLOAD_TARGET_DEFAULT=1
Target: x86_64-linux-gnu
Configured with: ../src/configure -v --with-pkgversion='Ubuntu 13.3.0-6ubuntu2~24.04' --with-bugurl=file:///usr/share/doc/gcc-13/README.Bugs --enable-languages=c,ada,c++,go,d,fortran,objc,obj-c++,m2 --prefix=/usr --with-gcc-major-version-only --program-suffix=-13 --program-prefix=x86_64-linux-gnu- --enable-shared --enable-linker-build-id --libexecdir=/usr/libexec --without-included-gettext --enable-threads=posix --libdir=/usr/lib --enable-nls --enable-bootstrap --enable-clocale=gnu --enable-libstdcxx-debug --enable-libstdcxx-time=yes --with-default-libstdcxx-abi=new --enable-libstdcxx-backtrace --enable-gnu-unique-object --disable-vtable-verify --enable-plugin --enable-default-pie --with-system-zlib --enable-libphobos-checking=release --with-target-system-zlib=auto --enable-objc-gc=auto --enable-multiarch --disable-werror --enable-cet --with-arch-32=i686 --with-abi=m64 --with-multilib-list=m32,m64,mx32 --enable-multilib --with-tune=generic --enable-offload-targets=nvptx-none=/build/gcc-13-fG75Ri/gcc-13-13.3.0/debian/tmp-nvptx/usr,amdgcn-amdhsa=/build/gcc-13-fG75Ri/gcc-13-13.3.0/debian/tmp-gcn/usr --enable-offload-defaulted --without-cuda-driver --enable-checking=release --build=x86_64-linux-gnu --host=x86_64-linux-gnu --target=x86_64-linux-gnu --with-build-config=bootstrap-lto-lean --enable-link-serialization=2
Thread model: posix
Supported LTO compression algorithms: zlib zstd
gcc version 13.3.0 (Ubuntu 13.3.0-6ubuntu2~24.04) 
... rest of stderr output deleted ...
configure:3223: $? = 0
configure:3212: g++ -V >&5
g++: error: unrecognized command-line option '-V'
g++: fatal error: no input files
compilation terminated.
configure:3223: $? = 1
configure:3212: g++ -qversion >&5
g++: error: unrecognized command-line option '-qversion'; did you mean '--version'?
g++: fatal error: no input files
compilation terminated.
configure:3223: $? = 1
configure:3243: checking whether the C++ compiler works
configure:3265: g++    conftest.cpp  >&5
configure:3269: $? = 0
configure:3319: result: yes
configure:3322: checking for C++ compiler default output file name
configure:3324: result: a.out
configure:3330: checking for suffix of executables
configure:3337: g++ -o conftest    conftest.cpp  >&5
configure:3341: $? = 0
configure:3364: result: 
configure:3386: checking whether we are cross compiling
configure:3394: g++ -o conftest    conftest.cpp  >&5
configure:3398: $? = 0
configure:3405: ./conftest
configure:3409: $? = 0
configure:3424: result: no
configure:3429: checking for suffix of object files
configure:3452: g++ -c   conftest.cpp >&5
configure:3456: $? = 0
configure:3478: result: o
configure:3482: checking whether the compiler supports GNU C++
configure:3502: g++ -c   conftest.cpp >&5
configure:3502: $? = 0
configure:3512: result: yes
configure:3523: checking whether g++ accepts -g
configure:3544: g++ -c -g  conftest.cpp >&5
configure:3544: $? = 0
configure:3588: result: yes
configure:3608: checking for g++ option to enable C++11 features
configure:3623: g++  -c -g -O2  conftest.cpp >&5
conftest.cpp: In function 'int main(int, char**)':
conftest.cpp:177:25: warning: empty parentheses were disambiguated as a function declaration [-Wvexing-parse]
  177 |   cxx11test::delegate d2();
      |                         ^~
conftest.cpp:177:25: note: remove parentheses to default-initialize a variable
  177 |   cxx11test::delegate d2();
      |                         ^~
      |                         --
conftest.cpp:177:25: note: or replace parentheses with braces to value-initialize a variable
configure:3623: $? = 0
configure:3641: result: none needed
configure:3708: checking whether make supports the include directive
configure:3723: make -f confmf.GNU && cat confinc.out
this is the am__doit target
configure:3726: $? = 0
configure:3745: result: yes (GNU style)
configure:3771: checking dependency style of g++
configure:3883: result: gcc3
configure:3899: checking whether make sets $(MAKE)
configure:3922: result: yes
configure:3942: checking for which
configure:3963: found /usr/bin/which
configure:3975: result: yes
configure:3989: checking for grep
configure:4010: found /usr/bin/grep
configure:4022: result: yes
configure:4041: checking for ps
configure:4062: found /usr/bin/ps
configure:4074: result: yes
configure:4093: checking for dumpkeys
configure:4114: found /usr/bin/dumpkeys
configure:4126: result: yes
configure:4145: checking for /dev/input
configure:4159: result: yes
configure:4169: checking for /proc/bus/input/devices
configure:4183: result: yes
configure:4201: checking for stdio.h
configure:4201: g++ -c -g -O2  conftest.cpp >&5
configure:4201: $? = 0
configure:4201: result: yes
configure:4201: checking for stdlib.h
configure:4201: g++ -c -g -O2  conftest.cpp >&5
configure:4201: $? = 0
configure:4201: result: yes
configure:4201: checking for string.h
configure:4201: g++ -c -g -O2  conftest.cpp >&5
configure:4201: $? = 0
configure:4201: result: yes
configure:4201: checking for inttypes.h
configure:4201: g++ -c -g -O2  conftest.cpp >&5
configure:4201: $? = 0
configure:4201: result: yes
configure:4201: checking for stdint.h
configure:4201: g++ -c -g -O2  conftest.cpp >&5
configure:4201: $? = 0
configure:4201: result: yes
configure:4201: checking for strings.h
configure:4201: g++ -c -g -O2  conftest.cpp >&5
configure:4201: $? = 0
configure:4201: result: yes
configure:4201: checking for sys/stat.h
configure:4201: g++ -c -g -O2  conftest.cpp >&5
configure:4201: $? = 0
configure:4201: result: yes
configure:4201: checking for sys/types.h
configure:4201: g++ -c -g -O2  conftest.cpp >&5
configure:4201: $? = 0
configure:4201: result: yes
configure:4201: checking for unistd.h
configure:4201: g++ -c -g -O2  conftest.cpp >&5
configure:4201: $? = 0
configure:4201: result: yes
configure:4201: checking for vfork.h
configure:4201: g++ -c -g -O2  conftest.cpp >&5
conftest.cpp:51:10: fatal error: vfork.h: No such file or directory
   51 | #include <vfork.h>
      |          ^~~~~~~~~
compilation terminated.
configure:4201: $? = 1
configure: failed program was:
| /* confdefs.h */
| #define PACKAGE_NAME "logkeys"
| #define PACKAGE_TARNAME "logkeys"
| #define PACKAGE_VERSION "0.2.0"
| #define PACKAGE_STRING "logkeys 0.2.0"
| #define PACKAGE_BUGREPORT "kerncece+logkeys@gmail.com"
| #define PACKAGE_URL "https://github.com/kernc/logkeys/"
| #define PACKAGE "logkeys"
| #define VERSION "0.2.0"
| #define EXE_GREP "/usr/bin/grep"
| #define EXE_PS "/usr/bin/ps"
| #define EXE_DUMPKEYS "/usr/bin/dumpkeys"
| #define HAVE_STDIO_H 1
| #define HAVE_STDLIB_H 1
| #define HAVE_STRING_H 1
| #define HAVE_INTTYPES_H 1
| #define HAVE_STDINT_H 1
| #define HAVE_STRINGS_H 1
| #define HAVE_SYS_STAT_H 1
| #define HAVE_SYS_TYPES_H 1
| #define HAVE_UNISTD_H 1
| /* end confdefs.h.  */
| #include <stddef.h>
| #ifdef HAVE_STDIO_H
| # include <stdio.h>
| #endif
| #ifdef HAVE_STDLIB_H
| # include <stdlib.h>
| #endif
| #ifdef HAVE_STRING_H
| # include <string.h>
| #endif
| #ifdef HAVE_INTTYPES_H
| # include <inttypes.h>
| #endif
| #ifdef HAVE_STDINT_H
| # include <stdint.h>
| #endif
| #ifdef HAVE_STRINGS_H
| # include <strings.h>
| #endif
| #ifdef HAVE_SYS_TYPES_H
| # include <sys/types.h>
| #endif
| #ifdef HAVE_SYS_STAT_H
| # include <sys/stat.h>
| #endif
| #ifdef HAVE_UNISTD_H
| # include <unistd.h>
| #endif
| #include <vfork.h>
configure:4201: result: no
configure:4229: checking for cstdio
configure:4229: g++ -c -g -O2  conftest.cpp >&5
configure:4229: $? = 0
configure:4229: result: yes
configure:4229: checking for cerrno
configure:4229: g++ -c -g -O2  conftest.cpp >&5
configure:4229: $? = 0
configure:4229: result: yes
configure:4229: checking for cwchar
configure:4229: g++ -c -g -O2  conftest.cpp >&5
configure:4229: $? = 0
configure:4229: result: yes
configure:4229: checking for cstring
configure:4229: g++ -c -g -O2  conftest.cpp >&5
configure:4229: $? = 0
configure:4229: result: yes
configure:4229: checking for cassert
configure:4229: g++ -c -g -O2  conftest.cpp >&5
configure:4229: $? = 0
configure:4229: result: yes
configure:4229: checking for sstream
configure:4229: g++ -c -g -O2  conftest.cpp >&5
configure:4229: $? = 0
configure:4229: result: yes
configure:4229: checking for cstdlib
configure:4229: g++ -c -g -O2  conftest.cpp >&5
configure:4229: $? = 0
configure:4229: result: yes
configure:4229: checking for csignal
configure:4229: g++ -c -g -O2  conftest.cpp >&5
configure:4229: $? = 0
configure:4229: result: yes
configure:4229: checking for error.h
configure:4229: g++ -c -g -O2  conftest.cpp >&5
configure:4229: $? = 0
configure:4229: result: yes
configure:4229: checking for unistd.h
configure:4229: result: yes
configure:4229: checking for getopt.h
configure:4229: g++ -c -g -O2  conftest.cpp >&5
configure:4229: $? = 0
configure:4229: result: yes
configure:4229: checking for sys/file.h
configure:4229: g++ -c -g -O2  conftest.cpp >&5
configure:4229: $? = 0
configure:4229: result: yes
configure:4229: checking for sys/stat.h
configure:4229: result: yes
configure:4229: checking for linux/input.h
configure:4229: g++ -c -g -O2  conftest.cpp >&5
configure:4229: $? = 0
configure:4229: result: yes
configure:4245: checking for _Bool
configure:4245: g++ -c -g -O2  conftest.cpp >&5
conftest.cpp: In function 'int main()':
conftest.cpp:69:13: error: '_Bool' was not declared in this scope
   69 | if (sizeof (_Bool))
      |             ^~~~~
configure:4245: $? = 1
configure: failed program was:
| /* confdefs.h */
| #define PACKAGE_NAME "logkeys"
| #define PACKAGE_TARNAME "logkeys"
| #define PACKAGE_VERSION "0.2.0"
| #define PACKAGE_STRING "logkeys 0.2.0"
| #define PACKAGE_BUGREPORT "kerncece+logkeys@gmail.com"
| #define PACKAGE_URL "https://github.com/kernc/logkeys/"
| #define PACKAGE "logkeys"
| #define VERSION "0.2.0"
| #define EXE_GREP "/usr/bin/grep"
| #define EXE_PS "/usr/bin/ps"
| #define EXE_DUMPKEYS "/usr/bin/dumpkeys"
| #define HAVE_STDIO_H 1
| #define HAVE_STDLIB_H 1
| #define HAVE_STRING_H 1
| #define HAVE_INTTYPES_H 1
| #define HAVE_STDINT_H 1
| #define HAVE_STRINGS_H 1
| #define HAVE_SYS_STAT_H 1
| #define HAVE_SYS_TYPES_H 1
| #define HAVE_UNISTD_H 1
| #define STDC_HEADERS 1
| #define HAVE_CSTDIO 1
| #define HAVE_CERRNO 1
| #define HAVE_CWCHAR 1
| #define HAVE_CSTRING 1
| #define HAVE_CASSERT 1
| #define HAVE_SSTREAM 1
| #define HAVE_CSTDLIB 1
| #define HAVE_CSIGNAL 1
| #define HAVE_ERROR_H 1
| #define HAVE_UNISTD_H 1
| #define HAVE_GETOPT_H 1
| #define HAVE_SYS_FILE_H 1
| #define HAVE_SYS_STAT_H 1
| #define HAVE_LINUX_INPUT_H 1
| /* end confdefs.h.  */
| #include <stddef.h>
| #ifdef HAVE_STDIO_H
| # include <stdio.h>
| #endif
| #ifdef HAVE_STDLIB_H
| # include <stdlib.h>
| #endif
| #ifdef HAVE_STRING_H
| # include <string.h>
| #endif
| #ifdef HAVE_INTTYPES_H
| # include <inttypes.h>
| #endif
| #ifdef HAVE_STDINT_H
| # include <stdint.h>
| #endif
| #ifdef HAVE_STRINGS_H
| # include <strings.h>
| #endif
| #ifdef HAVE_SYS_TYPES_H
| # include <sys/types.h>
| #endif
| #ifdef HAVE_SYS_STAT_H
| # include <sys/stat.h>
| #endif
| #ifdef HAVE_UNISTD_H
| # include <unistd.h>
| #endif
| int
| main (void)
| {
| if (sizeof (_Bool))
| 	 return 0;
|   ;
|   return 0;
| }
configure:4245: result: no
configure:4254: checking for stdbool.h that conforms to C99
configure:4370: g++ -c -g -O2  conftest.cpp >&5
configure:4370: $? = 0
configure:4378: result: yes
configure:4387: checking for inline
configure:4404: g++ -c -g -O2  conftest.cpp >&5
configure:4404: $? = 0
configure:4413: result: inline
configure:4432: checking for pid_t
configure:4432: g++ -c -g -O2  conftest.cpp >&5
configure:4432: $? = 0
configure:4432: g++ -c -g -O2  conftest.cpp >&5
conftest.cpp: In function 'int main()':
conftest.cpp:71:19: error: expected primary-expression before ')' token
   71 | if (sizeof ((pid_t)))
      |                   ^
configure:4432: $? = 1
configure: failed program was:
| /* confdefs.h */
| #define PACKAGE_NAME "logkeys"
| #define PACKAGE_TARNAME "logkeys"
| #define PACKAGE_VERSION "0.2.0"
| #define PACKAGE_STRING "logkeys 0.2.0"
| #define PACKAGE_BUGREPORT "kerncece+logkeys@gmail.com"
| #define PACKAGE_URL "https://github.com/kernc/logkeys/"
| #define PACKAGE "logkeys"
| #define VERSION "0.2.0"
| #define EXE_GREP "/usr/bin/grep"
| #define EXE_PS "/usr/bin/ps"
| #define EXE_DUMPKEYS "/usr/bin/dumpkeys"
| #define HAVE_STDIO_H 1
| #define HAVE_STDLIB_H 1
| #define HAVE_STRING_H 1
| #define HAVE_INTTYPES_H 1
| #define HAVE_STDINT_H 1
| #define HAVE_STRINGS_H 1
| #define HAVE_SYS_STAT_H 1
| #define HAVE_SYS_TYPES_H 1
| #define HAVE_UNISTD_H 1
| #define STDC_HEADERS 1
| #define HAVE_CSTDIO 1
| #define HAVE_CERRNO 1
| #define HAVE_CWCHAR 1
| #define HAVE_CSTRING 1
| #define HAVE_CASSERT 1
| #define HAVE_SSTREAM 1
| #define HAVE_CSTDLIB 1
| #define HAVE_CSIGNAL 1
| #define HAVE_ERROR_H 1
| #define HAVE_UNISTD_H 1
| #define HAVE_GETOPT_H 1
| #define HAVE_SYS_FILE_H 1
| #define HAVE_SYS_STAT_H 1
| #define HAVE_LINUX_INPUT_H 1
| #define HAVE_STDBOOL_H 1
| /* end confdefs.h.  */
| #include <stddef.h>
| #ifdef HAVE_STDIO_H
| # include <stdio.h>
| #endif
| #ifdef HAVE_STDLIB_H
| # include <stdlib.h>
| #endif
| #ifdef HAVE_STRING_H
| # include <string.h>
| #endif
| #ifdef HAVE_INTTYPES_H
| # include <inttypes.h>
| #endif
| #ifdef HAVE_STDINT_H
| # include <stdint.h>
| #endif
| #ifdef HAVE_STRINGS_H
| # include <strings.h>
| #endif
| #ifdef HAVE_SYS_TYPES_H
| # include <sys/types.h>
| #endif
| #ifdef HAVE_SYS_STAT_H
| # include <sys/stat.h>
| #endif
| #ifdef HAVE_UNISTD_H
| # include <unistd.h>
| #endif
| 
| int
| main (void)
| {
| if (sizeof ((pid_t)))
| 	    return 0;
|   ;
|   return 0;
| }
configure:4432: result: yes
configure:4468: checking for size_t
configure:4468: g++ -c -g -O2  conftest.cpp >&5
configure:4468: $? = 0
configure:4468: g++ -c -g -O2  conftest.cpp >&5
conftest.cpp: In function 'int main()':
conftest.cpp:70:20: error: expected primary-expression before ')' token
   70 | if (sizeof ((size_t)))
      |                    ^
configure:4468: $? = 1
configure: failed program was:
| /* confdefs.h */
| #define PACKAGE_NAME "logkeys"
| #define PACKAGE_TARNAME "logkeys"
| #define PACKAGE_VERSION "0.2.0"
| #define PACKAGE_STRING "logkeys 0.2.0"
| #define PACKAGE_BUGREPORT "kerncece+logkeys@gmail.com"
| #define PACKAGE_URL "https://github.com/kernc/logkeys/"
| #define PACKAGE "logkeys"
| #define VERSION "0.2.0"
| #define EXE_GREP "/usr/bin/grep"
| #define EXE_PS "/usr/bin/ps"
| #define EXE_DUMPKEYS "/usr/bin/dumpkeys"
| #define HAVE_STDIO_H 1
| #define HAVE_STDLIB_H 1
| #define HAVE_STRING_H 1
| #define HAVE_INTTYPES_H 1
| #define HAVE_STDINT_H 1
| #define HAVE_STRINGS_H 1
| #define HAVE_SYS_STAT_H 1
| #define HAVE_SYS_TYPES_H 1
| #define HAVE_UNISTD_H 1
| #define STDC_HEADERS 1
| #define HAVE_CSTDIO 1
| #define HAVE_CERRNO 1
| #define HAVE_CWCHAR 1
| #define HAVE_CSTRING 1
| #define HAVE_CASSERT 1
| #define HAVE_SSTREAM 1
| #define HAVE_CSTDLIB 1
| #define HAVE_CSIGNAL 1
| #define HAVE_ERROR_H 1
| #define HAVE_UNISTD_H 1
| #define HAVE_GETOPT_H 1
| #define HAVE_SYS_FILE_H 1
| #define HAVE_SYS_STAT_H 1
| #define HAVE_LINUX_INPUT_H 1
| #define HAVE_STDBOOL_H 1
| /* end confdefs.h.  */
| #include <stddef.h>
| #ifdef HAVE_STDIO_H
| # include <stdio.h>
| #endif
| #ifdef HAVE_STDLIB_H
| # include <stdlib.h>
| #endif
| #ifdef HAVE_STRING_H
| # include <string.h>
| #endif
| #ifdef HAVE_INTTYPES_H
| # include <inttypes.h>
| #endif
| #ifdef HAVE_STDINT_H
| # include <stdint.h>
| #endif
| #ifdef HAVE_STRINGS_H
| # include <strings.h>
| #endif
| #ifdef HAVE_SYS_TYPES_H
| # include <sys/types.h>
| #endif
| #ifdef HAVE_SYS_STAT_H
| # include <sys/stat.h>
| #endif
| #ifdef HAVE_UNISTD_H
| # include <unistd.h>
| #endif
| int
| main (void)
| {
| if (sizeof ((size_t)))
| 	    return 0;
|   ;
|   return 0;
| }
configure:4468: result: yes
configure:4481: checking for error_at_line
configure:4498: g++ -o conftest -g -O2   conftest.cpp  >&5
configure:4498: $? = 0
configure:4507: result: yes
configure:4523: checking for fork
configure:4523: g++ -o conftest -g -O2   conftest.cpp  >&5
conftest.cpp:55:6: warning: declaration of 'char fork()' conflicts with built-in declaration 'int fork()' [-Wbuiltin-declaration-mismatch]
   55 | char fork ();
      |      ^~~~
configure:4523: $? = 0
configure:4523: result: yes
configure:4523: checking for vfork
configure:4523: g++ -o conftest -g -O2   conftest.cpp  >&5
configure:4523: $? = 0
configure:4523: result: yes
configure:4536: checking for working fork
configure:4560: g++ -o conftest -g -O2   conftest.cpp  >&5
configure:4560: $? = 0
configure:4560: ./conftest
configure:4560: $? = 0
configure:4571: result: yes
configure:4592: checking for working vfork
configure:4721: result: yes
configure:4750: checking for geteuid
configure:4750: g++ -o conftest -g -O2   conftest.cpp  >&5
configure:4750: $? = 0
configure:4750: result: yes
configure:4750: checking for error
configure:4750: g++ -o conftest -g -O2   conftest.cpp  >&5
configure:4750: $? = 0
configure:4750: result: yes
configure:4750: checking for error_at_line
configure:4750: g++ -o conftest -g -O2   conftest.cpp  >&5
configure:4750: $? = 0
configure:4750: result: yes
configure:4750: checking for exit
configure:4750: g++ -o conftest -g -O2   conftest.cpp  >&5
conftest.cpp:62:6: warning: declaration of 'char exit()' conflicts with built-in declaration 'void exit(int)' [-Wbuiltin-declaration-mismatch]
   62 | char exit ();
      |      ^~~~
configure:4750: $? = 0
configure:4750: result: yes
configure:4750: checking for on_exit
configure:4750: g++ -o conftest -g -O2   conftest.cpp  >&5
configure:4750: $? = 0
configure:4750: result: yes
configure:4750: checking for memset
configure:4750: g++ -o conftest -g -O2   conftest.cpp  >&5
conftest.cpp:64:6: warning: declaration of 'char memset()' conflicts with built-in declaration 'void* memset(void*, int, long unsigned int)' [-Wbuiltin-declaration-mismatch]
   64 | char memset ();
      |      ^~~~~~
configure:4750: $? = 0
configure:4750: result: yes
configure:4750: checking for setlocale
configure:4750: g++ -o conftest -g -O2   conftest.cpp  >&5
configure:4750: $? = 0
configure:4750: result: yes
configure:4750: checking for strerror
configure:4750: g++ -o conftest -g -O2   conftest.cpp  >&5
configure:4750: $? = 0
configure:4750: result: yes
configure:4750: checking for fprintf
configure:4750: g++ -o conftest -g -O2   conftest.cpp  >&5
conftest.cpp:67:6: warning: declaration of 'char fprintf()' conflicts with built-in declaration 'int fprintf(void*, const char*, ...)' [-Wbuiltin-declaration-mismatch]
   67 | char fprintf ();
      |      ^~~~~~~
configure:4750: $? = 0
configure:4750: result: yes
configure:4750: checking for getopt_long
configure:4750: g++ -o conftest -g -O2   conftest.cpp  >&5
configure:4750: $? = 0
configure:4750: result: yes
configure:4750: checking for fopen
configure:4750: g++ -o conftest -g -O2   conftest.cpp  >&5
configure:4750: $? = 0
configure:4750: result: yes
configure:4750: checking for sscanf
configure:4750: g++ -o conftest -g -O2   conftest.cpp  >&5
conftest.cpp:70:6: warning: declaration of 'char sscanf()' conflicts with built-in declaration 'int sscanf(const char*, const char*, ...)' [-Wbuiltin-declaration-mismatch]
   70 | char sscanf ();
      |      ^~~~~~
configure:4750: $? = 0
configure:4750: result: yes
configure:4750: checking for fscanf
configure:4750: g++ -o conftest -g -O2   conftest.cpp  >&5
conftest.cpp:71:6: warning: declaration of 'char fscanf()' conflicts with built-in declaration 'int fscanf(void*, const char*, ...)' [-Wbuiltin-declaration-mismatch]
   71 | char fscanf ();
      |      ^~~~~~
configure:4750: $? = 0
configure:4750: result: yes
configure:4750: checking for getpid
configure:4750: g++ -o conftest -g -O2   conftest.cpp  >&5
configure:4750: $? = 0
configure:4750: result: yes
configure:4750: checking for getuid
configure:4750: g++ -o conftest -g -O2   conftest.cpp  >&5
configure:4750: $? = 0
configure:4750: result: yes
configure:4750: checking for getgid
configure:4750: g++ -o conftest -g -O2   conftest.cpp  >&5
configure:4750: $? = 0
configure:4750: result: yes
configure:4750: checking for fclose
configure:4750: g++ -o conftest -g -O2   conftest.cpp  >&5
configure:4750: $? = 0
configure:4750: result: yes
configure:4750: checking for remove
configure:4750: g++ -o conftest -g -O2   conftest.cpp  >&5
configure:4750: $? = 0
configure:4750: result: yes
configure:4750: checking for kill
configure:4750: g++ -o conftest -g -O2   conftest.cpp  >&5
configure:4750: $? = 0
configure:4750: result: yes
configure:4750: checking for strlen
configure:4750: g++ -o conftest -g -O2   conftest.cpp  >&5
conftest.cpp:78:6: warning: declaration of 'char strlen()' conflicts with built-in declaration 'long unsigned int strlen(const char*)' [-Wbuiltin-declaration-mismatch]
   78 | char strlen ();
      |      ^~~~~~
configure:4750: $? = 0
configure:4750: result: yes
configure:4750: checking for strcat
configure:4750: g++ -o conftest -g -O2   conftest.cpp  >&5
conftest.cpp:79:6: warning: declaration of 'char strcat()' conflicts with built-in declaration 'char* strcat(char*, const char*)' [-Wbuiltin-declaration-mismatch]
   79 | char strcat ();
      |      ^~~~~~
configure:4750: $? = 0
configure:4750: result: yes
configure:4750: checking for strcpy
configure:4750: g++ -o conftest -g -O2   conftest.cpp  >&5
conftest.cpp:80:6: warning: declaration of 'char strcpy()' conflicts with built-in declaration 'char* strcpy(char*, const char*)' [-Wbuiltin-declaration-mismatch]
   80 | char strcpy ();
      |      ^~~~~~
configure:4750: $? = 0
configure:4750: result: yes
configure:4750: checking for strncat
configure:4750: g++ -o conftest -g -O2   conftest.cpp  >&5
conftest.cpp:81:6: warning: declaration of 'char strncat()' conflicts with built-in declaration 'char* strncat(char*, const char*, long unsigned int)' [-Wbuiltin-declaration-mismatch]
   81 | char strncat ();
      |      ^~~~~~~
configure:4750: $? = 0
configure:4750: result: yes
configure:4750: checking for freopen
configure:4750: g++ -o conftest -g -O2   conftest.cpp  >&5
configure:4750: $? = 0
configure:4750: result: yes
configure:4750: checking for feof
configure:4750: g++ -o conftest -g -O2   conftest.cpp  >&5
configure:4750: $? = 0
configure:4750: result: yes
configure:4750: checking for fgets
configure:4750: g++ -o conftest -g -O2   conftest.cpp  >&5
configure:4750: $? = 0
configure:4750: result: yes
configure:4750: checking for atoi
configure:4750: g++ -o conftest -g -O2   conftest.cpp  >&5
configure:4750: $? = 0
configure:4750: result: yes
configure:4750: checking for sigaction
configure:4750: g++ -o conftest -g -O2   conftest.cpp  >&5
configure:4750: $? = 0
configure:4750: result: yes
configure:4750: checking for fork
configure:4750: result: yes
configure:4750: checking for setsid
configure:4750: g++ -o conftest -g -O2   conftest.cpp  >&5
configure:4750: $? = 0
configure:4750: result: yes
configure:4750: checking for open
configure:4750: g++ -o conftest -g -O2   conftest.cpp  >&5
configure:4750: $? = 0
configure:4750: result: yes
configure:4750: checking for close
configure:4750: g++ -o conftest -g -O2   conftest.cpp  >&5
configure:4750: $? = 0
configure:4750: result: yes
configure:4750: checking for flock
configure:4750: g++ -o conftest -g -O2   conftest.cpp  >&5
configure:4750: $? = 0
configure:4750: result: yes
configure:4750: checking for write
configure:4750: g++ -o conftest -g -O2   conftest.cpp  >&5
configure:4750: $? = 0
configure:4750: result: yes
configure:4750: checking for umask
configure:4750: g++ -o conftest -g -O2   conftest.cpp  >&5
configure:4750: $? = 0
configure:4750: result: yes
configure:4750: checking for setegid
configure:4750: g++ -o conftest -g -O2   conftest.cpp  >&5
configure:4750: $? = 0
configure:4750: result: yes
configure:4750: checking for seteuid
configure:4750: g++ -o conftest -g -O2   conftest.cpp  >&5
configure:4750: $? = 0
configure:4750: result: yes
configure:4750: checking for strftime
configure:4750: g++ -o conftest -g -O2   conftest.cpp  >&5
conftest.cpp:96:6: warning: declaration of 'char strftime()' conflicts with built-in declaration 'long unsigned int strftime(char*, long unsigned int, const char*, const void*)' [-Wbuiltin-declaration-mismatch]
   96 | char strftime ();
      |      ^~~~~~~~
configure:4750: $? = 0
configure:4750: result: yes
configure:4750: checking for localtime
configure:4750: g++ -o conftest -g -O2   conftest.cpp  >&5
configure:4750: $? = 0
configure:4750: result: yes
configure:4750: checking for fflush
configure:4750: g++ -o conftest -g -O2   conftest.cpp  >&5
configure:4750: $? = 0
configure:4750: result: yes
configure:4750: checking for read
configure:4750: g++ -o conftest -g -O2   conftest.cpp  >&5
configure:4750: $? = 0
configure:4750: result: yes
configure:4750: checking for time
configure:4750: g++ -o conftest -g -O2   conftest.cpp  >&5
configure:4750: $? = 0
configure:4750: result: yes
configure:4750: checking for fgetws
configure:4750: g++ -o conftest -g -O2   conftest.cpp  >&5
configure:4750: $? = 0
configure:4750: result: yes
configure:4750: checking for wcslen
configure:4750: g++ -o conftest -g -O2   conftest.cpp  >&5
configure:4750: $? = 0
configure:4750: result: yes
configure:4750: checking for swscanf
configure:4750: g++ -o conftest -g -O2   conftest.cpp  >&5
configure:4750: $? = 0
configure:4750: result: yes
configure:4750: checking for wcscpy
configure:4750: g++ -o conftest -g -O2   conftest.cpp  >&5
configure:4750: $? = 0
configure:4750: result: yes
configure:4750: checking for popen
configure:4750: g++ -o conftest -g -O2   conftest.cpp  >&5
configure:4750: $? = 0
configure:4750: result: yes
configure:4750: checking for pclose
configure:4750: g++ -o conftest -g -O2   conftest.cpp  >&5
configure:4750: $? = 0
configure:4750: result: yes
configure:4867: checking that generated files are newer than configure
configure:4873: result: done
configure:4896: creating ./config.status

## ---------------------- ##
## Running config.status. ##
## ---------------------- ##

This file was extended by logkeys config.status 0.2.0, which was
generated by GNU Autoconf 2.71.  Invocation command line was

  CONFIG_FILES    = 
  CONFIG_HEADERS  = 
  CONFIG_LINKS    = 
  CONFIG_COMMANDS = 
  $ ./config.status 

on stefdev-HP-EliteDesk-800-G2-SFF

config.status:924: creating Makefile
config.status:924: creating src/Makefile
config.status:924: creating man/Makefile
config.status:924: creating scripts/Makefile
config.status:924: creating config.h
config.status:1153: executing depfiles commands
config.status:1230: cd src       && sed -e '/# am--include-marker/d' Makefile         | make -f - am--depfiles
config.status:1235: $? = 0

## ---------------- ##
## Cache variables. ##
## ---------------- ##

ac_cv_c_inline=inline
ac_cv_cxx_compiler_gnu=yes
ac_cv_env_CCC_set=
ac_cv_env_CCC_value=
ac_cv_env_CPPFLAGS_set=
ac_cv_env_CPPFLAGS_value=
ac_cv_env_CXXFLAGS_set=
ac_cv_env_CXXFLAGS_value=
ac_cv_env_CXX_set=
ac_cv_env_CXX_value=
ac_cv_env_LDFLAGS_set=
ac_cv_env_LDFLAGS_value=
ac_cv_env_LIBS_set=
ac_cv_env_LIBS_value=
ac_cv_env_build_alias_set=
ac_cv_env_build_alias_value=
ac_cv_env_host_alias_set=
ac_cv_env_host_alias_value=
ac_cv_env_target_alias_set=
ac_cv_env_target_alias_value=
ac_cv_file__dev_input=yes
ac_cv_file__proc_bus_input_devices=yes
ac_cv_func_atoi=yes
ac_cv_func_close=yes
ac_cv_func_error=yes
ac_cv_func_error_at_line=yes
ac_cv_func_exit=yes
ac_cv_func_fclose=yes
ac_cv_func_feof=yes
ac_cv_func_fflush=yes
ac_cv_func_fgets=yes
ac_cv_func_fgetws=yes
ac_cv_func_flock=yes
ac_cv_func_fopen=yes
ac_cv_func_fork=yes
ac_cv_func_fork_works=yes
ac_cv_func_fprintf=yes
ac_cv_func_freopen=yes
ac_cv_func_fscanf=yes
ac_cv_func_geteuid=yes
ac_cv_func_getgid=yes
ac_cv_func_getopt_long=yes
ac_cv_func_getpid=yes
ac_cv_func_getuid=yes
ac_cv_func_kill=yes
ac_cv_func_localtime=yes
ac_cv_func_memset=yes
ac_cv_func_on_exit=yes
ac_cv_func_open=yes
ac_cv_func_pclose=yes
ac_cv_func_popen=yes
ac_cv_func_read=yes
ac_cv_func_remove=yes
ac_cv_func_setegid=yes
ac_cv_func_seteuid=yes
ac_cv_func_setlocale=yes
ac_cv_func_setsid=yes
ac_cv_func_sigaction=yes
ac_cv_func_sscanf=yes
ac_cv_func_strcat=yes
ac_cv_func_strcpy=yes
ac_cv_func_strerror=yes
ac_cv_func_strftime=yes
ac_cv_func_strlen=yes
ac_cv_func_strncat=yes
ac_cv_func_swscanf=yes
ac_cv_func_time=yes
ac_cv_func_umask=yes
ac_cv_func_vfork=yes
ac_cv_func_vfork_works=yes
ac_cv_func_wcscpy=yes
ac_cv_func_wcslen=yes
ac_cv_func_write=yes
ac_cv_header_cassert=yes
ac_cv_header_cerrno=yes
ac_cv_header_csignal=yes
ac_cv_header_cstdio=yes
ac_cv_header_cstdlib=yes
ac_cv_header_cstring=yes
ac_cv_header_cwchar=yes
ac_cv_header_error_h=yes
ac_cv_header_getopt_h=yes
ac_cv_header_inttypes_h=yes
ac_cv_header_linux_input_h=yes
ac_cv_header_sstream=yes
ac_cv_header_stdbool_h=yes
ac_cv_header_stdint_h=yes
ac_cv_header_stdio_h=yes
ac_cv_header_stdlib_h=yes
ac_cv_header_string_h=yes
ac_cv_header_strings_h=yes
ac_cv_header_sys_file_h=yes
ac_cv_header_sys_stat_h=yes
ac_cv_header_sys_types_h=yes
ac_cv_header_unistd_h=yes
ac_cv_header_vfork_h=no
ac_cv_lib_error_at_line=yes
ac_cv_objext=o
ac_cv_path_install='/usr/bin/install -c'
ac_cv_path_mkdir=/usr/bin/mkdir
ac_cv_prog_AWK=mawk
ac_cv_prog_FOUND_DUMPKEYS=yes
ac_cv_prog_FOUND_GREP=yes
ac_cv_prog_FOUND_PS=yes
ac_cv_prog_FOUND_WHICH=yes
ac_cv_prog_ac_ct_CXX=g++
ac_cv_prog_cxx_cxx11=
ac_cv_prog_cxx_g=yes
ac_cv_prog_cxx_stdcxx=
ac_cv_prog_make_make_set=yes
ac_cv_type__Bool=no
ac_cv_type_pid_t=yes
ac_cv_type_size_t=yes
am_cv_CXX_dependencies_compiler_type=gcc3
am_cv_make_support_nested_variables=yes

## ----------------- ##
## Output variables. ##
## ----------------- ##

ACLOCAL='${SHELL} '\''/home/stefdev/Documents/Portfolio2025/Loto_API/logkeys/missing'\'' aclocal-1.16'
AMDEPBACKSLASH='\'
AMDEP_FALSE='#'
AMDEP_TRUE=''
AMTAR='$${TAR-tar}'
AM_BACKSLASH='\'
AM_DEFAULT_V='$(AM_DEFAULT_VERBOSITY)'
AM_DEFAULT_VERBOSITY='1'
AM_V='$(V)'
AUTOCONF='${SHELL} '\''/home/stefdev/Documents/Portfolio2025/Loto_API/logkeys/missing'\'' autoconf'
AUTOHEADER='${SHELL} '\''/home/stefdev/Documents/Portfolio2025/Loto_API/logkeys/missing'\'' autoheader'
AUTOMAKE='${SHELL} '\''/home/stefdev/Documents/Portfolio2025/Loto_API/logkeys/missing'\'' automake-1.16'
AWK='mawk'
CPPFLAGS=''
CSCOPE='cscope'
CTAGS='ctags'
CXX='g++'
CXXDEPMODE='depmode=gcc3'
CXXFLAGS='-g -O2'
CYGPATH_W='echo'
DEFS='-DHAVE_CONFIG_H'
DEPDIR='.deps'
ECHO_C=''
ECHO_N='-n'
ECHO_T=''
ETAGS='etags'
EXEEXT=''
FOUND_DUMPKEYS='yes'
FOUND_GREP='yes'
FOUND_PS='yes'
FOUND_WHICH='yes'
INSTALL_DATA='${INSTALL} -m 644'
INSTALL_PROGRAM='${INSTALL}'
INSTALL_SCRIPT='${INSTALL}'
INSTALL_STRIP_PROGRAM='$(install_sh) -c -s'
LDFLAGS=''
LIBOBJS=''
LIBS=''
LTLIBOBJS=''
MAKEINFO='${SHELL} '\''/home/stefdev/Documents/Portfolio2025/Loto_API/logkeys/missing'\'' makeinfo'
MKDIR_P='/usr/bin/mkdir -p'
OBJEXT='o'
PACKAGE='logkeys'
PACKAGE_BUGREPORT='kerncece+logkeys@gmail.com'
PACKAGE_NAME='logkeys'
PACKAGE_STRING='logkeys 0.2.0'
PACKAGE_TARNAME='logkeys'
PACKAGE_URL='https://github.com/kernc/logkeys/'
PACKAGE_VERSION='0.2.0'
PATH_SEPARATOR=':'
SET_MAKE=''
SHELL='/bin/bash'
STRIP=''
VERSION='0.2.0'
ac_ct_CXX='g++'
am__EXEEXT_FALSE=''
am__EXEEXT_TRUE='#'
am__fastdepCXX_FALSE='#'
am__fastdepCXX_TRUE=''
am__include='include'
am__isrc=''
am__leading_dot='.'
am__nodep='_no'
am__quote=''
am__tar='$${TAR-tar} chof - "$$tardir"'
am__untar='$${TAR-tar} xf -'
bindir='${exec_prefix}/bin'
build_alias=''
datadir='${datarootdir}'
datarootdir='${prefix}/share'
docdir='${datarootdir}/doc/${PACKAGE_TARNAME}'
dvidir='${docdir}'
exec_prefix='${prefix}'
host_alias=''
htmldir='${docdir}'
includedir='${prefix}/include'
infodir='${datarootdir}/info'
install_sh='${SHELL} /home/stefdev/Documents/Portfolio2025/Loto_API/logkeys/install-sh'
libdir='${exec_prefix}/lib'
libexecdir='${exec_prefix}/libexec'
localedir='${datarootdir}/locale'
localstatedir='${prefix}/var'
mandir='${datarootdir}/man'
mkdir_p='$(MKDIR_P)'
oldincludedir='/usr/include'
pdfdir='${docdir}'
prefix='/usr/local'
program_transform_name='s,x,x,'
psdir='${docdir}'
runstatedir='${localstatedir}/run'
sbindir='${exec_prefix}/sbin'
sharedstatedir='${prefix}/com'
sysconfdir='${prefix}/etc'
target_alias=''

## ----------- ##
## confdefs.h. ##
## ----------- ##

/* confdefs.h */
#define PACKAGE_NAME "logkeys"
#define PACKAGE_TARNAME "logkeys"
#define PACKAGE_VERSION "0.2.0"
#define PACKAGE_STRING "logkeys 0.2.0"
#define PACKAGE_BUGREPORT "kerncece+logkeys@gmail.com"
#define PACKAGE_URL "https://github.com/kernc/logkeys/"
#define PACKAGE "logkeys"
#define VERSION "0.2.0"
#define EXE_GREP "/usr/bin/grep"
#define EXE_PS "/usr/bin/ps"
#define EXE_DUMPKEYS "/usr/bin/dumpkeys"
#define HAVE_STDIO_H 1
#define HAVE_STDLIB_H 1
#define HAVE_STRING_H 1
#define HAVE_INTTYPES_H 1
#define HAVE_STDINT_H 1
#define HAVE_STRINGS_H 1
#define HAVE_SYS_STAT_H 1
#define HAVE_SYS_TYPES_H 1
#define HAVE_UNISTD_H 1
#define STDC_HEADERS 1
#define HAVE_CSTDIO 1
#define HAVE_CERRNO 1
#define HAVE_CWCHAR 1
#define HAVE_CSTRING 1
#define HAVE_CASSERT 1
#define HAVE_SSTREAM 1
#define HAVE_CSTDLIB 1
#define HAVE_CSIGNAL 1
#define HAVE_ERROR_H 1
#define HAVE_UNISTD_H 1
#define HAVE_GETOPT_H 1
#define HAVE_SYS_FILE_H 1
#define HAVE_SYS_STAT_H 1
#define HAVE_LINUX_INPUT_H 1
#define HAVE_STDBOOL_H 1
#define HAVE_FORK 1
#define HAVE_VFORK 1
#define HAVE_WORKING_VFORK 1
#define HAVE_WORKING_FORK 1
#define HAVE_GETEUID 1
#define HAVE_ERROR 1
#define HAVE_ERROR_AT_LINE 1
#define HAVE_EXIT 1
#define HAVE_ON_EXIT 1
#define HAVE_MEMSET 1
#define HAVE_SETLOCALE 1
#define HAVE_STRERROR 1
#define HAVE_FPRINTF 1
#define HAVE_GETOPT_LONG 1
#define HAVE_FOPEN 1
#define HAVE_SSCANF 1
#define HAVE_FSCANF 1
#define HAVE_GETPID 1
#define HAVE_GETUID 1
#define HAVE_GETGID 1
#define HAVE_FCLOSE 1
#define HAVE_REMOVE 1
#define HAVE_KILL 1
#define HAVE_STRLEN 1
#define HAVE_STRCAT 1
#define HAVE_STRCPY 1
#define HAVE_STRNCAT 1
#define HAVE_FREOPEN 1
#define HAVE_FEOF 1
#define HAVE_FGETS 1
#define HAVE_ATOI 1
#define HAVE_SIGACTION 1
#define HAVE_FORK 1
#define HAVE_SETSID 1
#define HAVE_OPEN 1
#define HAVE_CLOSE 1
#define HAVE_FLOCK 1
#define HAVE_WRITE 1
#define HAVE_UMASK 1
#define HAVE_SETEGID 1
#define HAVE_SETEUID 1
#define HAVE_STRFTIME 1
#define HAVE_LOCALTIME 1
#define HAVE_FFLUSH 1
#define HAVE_READ 1
#define HAVE_TIME 1
#define HAVE_FGETWS 1
#define HAVE_WCSLEN 1
#define HAVE_SWSCANF 1
#define HAVE_WCSCPY 1
#define HAVE_POPEN 1
#define HAVE_PCLOSE 1

configure: exit 0
